{"time": "2026-03-15T18:55:24.347762", "code": "601985", "verified": true, "errors": [], "data": {"code": "601985", "name": "中国核电", "price": 9.24, "change_pct": 0.87, "open": 9.17, "high": 9.3, "low": 9.08, "close": 9.16, "volume": 3668430, "timestamp": "2026-03-15T18:55:24.347753"}}
{"time": "2026-03-15T18:55:24.780328", "code": "601985", "verified": false, "errors": ["名称不匹配: 实际\"中国核电\" != 预期\"招商银行\""], "data": null}
{"time": "2026-03-15T18:55:25.240817", "code": "999999", "verified": false, "errors": ["代码不存在或已退市"], "data": null}
{"time": "2026-03-15T19:30:40.033621", "code": "000001", "verified": true, "errors": [], "data": {"code": "000001", "name": "平安银行", "price": 10.93, "change_pct": -0.09, "open": 10.93, "high": 11.0, "low": 10.87, "close": 10.94, "volume": 841939, "timestamp": "2026-03-15T19:30:40.033611"}}
{"time": "2026-03-15T19:30:42.077262", "code": "000300", "verified": false, "errors": ["代码不存在或已退市"], "data": null}
{"time": "2026-03-15T19:30:43.191491", "code": "399001", "verified": false, "errors": ["代码不存在或已退市"], "data": null}
{"time": "2026-03-15T19:30:45.183681", "code": "399006", "verified": false, "errors": ["代码不存在或已退市"], "data": null}
{"time": "2026-03-15T19:30:49.627607", "code": "601985", "verified": true, "errors": [], "data": {"code": "601985", "name": "中国核电", "price": 9.24, "change_pct": 0.87, "open": 9.17, "high": 9.3, "low": 9.08, "close": 9.16, "volume": 3668430, "timestamp": "2026-03-15T19:30:49.627589"}}
{"time": "2026-03-15T19:30:52.130319", "code": "601868", "verified": true, "errors": [], "data": {"code": "601868", "name": "中国能建", "price": 3.74, "change_pct": -1.58, "open": 3.8, "high": 3.94, "low": 3.61, "close": 3.8, "volume": 37981674, "timestamp": "2026-03-15T19:30:52.130300"}}
{"time": "2026-03-15T19:30:55.126354", "code": "600989", "verified": true, "errors": [], "data": {"code": "600989", "name": "宝丰能源", "price": 34.7, "change_pct": 2.88, "open": 34.41, "high": 35.4, "low": 33.31, "close": 33.73, "volume": 2571595, "timestamp": "2026-03-15T19:30:55.126339"}}
{"time": "2026-03-15T19:30:56.331731", "code": "300750", "verified": true, "errors": [], "data": {"code": "300750", "name": "宁德时代", "price": 397.0, "change_pct": 0.38, "open": 393.88, "high": 403.99, "low": 393.8, "close": 395.5, "volume": 355826, "timestamp": "2026-03-15T19:30:56.331711"}}
{"time": "2026-03-15T19:30:57.968408", "code": "002230", "verified": true, "errors": [], "data": {"code": "002230", "name": "科大讯飞", "price": 51.8, "change_pct": -1.67, "open": 52.52, "high": 52.52, "low": 51.61, "close": 52.68, "volume": 284747, "timestamp": "2026-03-15T19:30:57.968396"}}
{"time": "2026-03-15T19:31:00.268964", "code": "600036", "verified": true, "errors": [], "data": {"code": "600036", "name": "招商银行", "price": 39.76, "change_pct": 0.66, "open": 39.46, "high": 40.05, "low": 39.35, "close": 39.5, "volume": 765277, "timestamp": "2026-03-15T19:31:00.268951"}}
{"time": "2026-03-15T19:31:01.534032", "code": "000001", "verified": true, "errors": [], "data": {"code": "000001", "name": "平安银行", "price": 10.93, "change_pct": -0.09, "open": 10.93, "high": 11.0, "low": 10.87, "close": 10.94, "volume": 841939, "timestamp": "2026-03-15T19:31:01.534019"}}
{"time": "2026-03-15T19:31:03.776925", "code": "600519", "verified": true, "errors": [], "data": {"code": "600519", "name": "贵州茅台", "price": 1413.64, "change_pct": 1.55, "open": 1392.48, "high": 1417.62, "low": 1392.0, "close": 1392.0, "volume": 33608, "timestamp": "2026-03-15T19:31:03.776913"}}
{"time": "2026-03-15T19:31:04.731960", "code": "000858", "verified": false, "errors": ["名称不匹配: 实际\"五 粮 液\" != 预期\"五粮液\""], "data": null}
{"time": "2026-03-15T19:31:06.007111", "code": "002594", "verified": true, "errors": [], "data": {"code": "002594", "name": "比亚迪", "price": 99.67, "change_pct": 0.58, "open": 99.0, "high": 100.79, "low": 98.3, "close": 99.1, "volume": 519765, "timestamp": "2026-03-15T19:31:06.007091"}}
{"time": "2026-03-15T19:36:15.712046", "code": "601985", "verified": true, "errors": [], "data": {"code": "601985", "name": "中国核电", "price": 9.24, "change_pct": 0.87, "open": 9.17, "high": 9.3, "low": 9.08, "close": 9.16, "volume": 3668430, "timestamp": "2026-03-15T19:36:15.712030"}}
{"time": "2026-03-15T19:36:17.007199", "code": "601868", "verified": true, "errors": [], "data": {"code": "601868", "name": "中国能建", "price": 3.74, "change_pct": -1.58, "open": 3.8, "high": 3.94, "low": 3.61, "close": 3.8, "volume": 37981674, "timestamp": "2026-03-15T19:36:17.007186"}}
{"time": "2026-03-15T19:36:18.221658", "code": "600011", "verified": true, "errors": [], "data": {"code": "600011", "name": "华能国际", "price": 7.85, "change_pct": -0.38, "open": 7.95, "high": 8.0, "low": 7.81, "close": 7.88, "volume": 1763221, "timestamp": "2026-03-15T19:36:18.221641"}}
{"time": "2026-03-15T19:36:19.428476", "code": "600900", "verified": true, "errors": [], "data": {"code": "600900", "name": "长江电力", "price": 27.42, "change_pct": -0.29, "open": 27.5, "high": 27.63, "low": 27.35, "close": 27.5, "volume": 942776, "timestamp": "2026-03-15T19:36:19.428457"}}
{"time": "2026-03-15T19:36:20.551361", "code": "300750", "verified": true, "errors": [], "data": {"code": "300750", "name": "宁德时代", "price": 397.0, "change_pct": 0.38, "open": 393.88, "high": 403.99, "low": 393.8, "close": 395.5, "volume": 355826, "timestamp": "2026-03-15T19:36:20.551343"}}
{"time": "2026-03-15T19:36:21.539816", "code": "002594", "verified": true, "errors": [], "data": {"code": "002594", "name": "比亚迪", "price": 99.67, "change_pct": 0.58, "open": 99.0, "high": 100.79, "low": 98.3, "close": 99.1, "volume": 519765, "timestamp": "2026-03-15T19:36:21.539800"}}
{"time": "2026-03-15T19:36:22.617609", "code": "601012", "verified": true, "errors": [], "data": {"code": "601012", "name": "隆基绿能", "price": 18.87, "change_pct": -0.37, "open": 18.92, "high": 19.47, "low": 18.78, "close": 18.94, "volume": 3419483, "timestamp": "2026-03-15T19:36:22.617596"}}
{"time": "2026-03-15T19:36:23.757362", "code": "300274", "verified": true, "errors": [], "data": {"code": "300274", "name": "阳光电源", "price": 175.39, "change_pct": 1.32, "open": 175.09, "high": 181.99, "low": 174.86, "close": 173.1, "volume": 1020143, "timestamp": "2026-03-15T19:36:23.757346"}}
{"time": "2026-03-15T19:36:24.822167", "code": "600036", "verified": true, "errors": [], "data": {"code": "600036", "name": "招商银行", "price": 39.76, "change_pct": 0.66, "open": 39.46, "high": 40.05, "low": 39.35, "close": 39.5, "volume": 765277, "timestamp": "2026-03-15T19:36:24.822150"}}
{"time": "2026-03-15T19:36:26.077689", "code": "000001", "verified": true, "errors": [], "data": {"code": "000001", "name": "平安银行", "price": 10.93, "change_pct": -0.09, "open": 10.93, "high": 11.0, "low": 10.87, "close": 10.94, "volume": 841939, "timestamp": "2026-03-15T19:36:26.077676"}}
{"time": "2026-03-15T19:36:27.263913", "code": "601166", "verified": true, "errors": [], "data": {"code": "601166", "name": "兴业银行", "price": 18.83, "change_pct": 0.11, "open": 18.8, "high": 18.99, "low": 18.73, "close": 18.81, "volume": 668446, "timestamp": "2026-03-15T19:36:27.263896"}}
{"time": "2026-03-15T19:36:28.305252", "code": "600000", "verified": true, "errors": [], "data": {"code": "600000", "name": "浦发银行", "price": 10.26, "change_pct": 0.79, "open": 10.16, "high": 10.41, "low": 10.13, "close": 10.18, "volume": 996767, "timestamp": "2026-03-15T19:36:28.305231"}}
{"time": "2026-03-15T19:36:29.412405", "code": "600989", "verified": true, "errors": [], "data": {"code": "600989", "name": "宝丰能源", "price": 34.7, "change_pct": 2.88, "open": 34.41, "high": 35.4, "low": 33.31, "close": 33.73, "volume": 2571595, "timestamp": "2026-03-15T19:36:29.412387"}}
{"time": "2026-03-15T19:36:30.494667", "code": "002001", "verified": true, "errors": [], "data": {"code": "002001", "name": "新 和 成", "price": 38.67, "change_pct": -1.6, "open": 38.5, "high": 39.5, "low": 37.94, "close": 39.3, "volume": 458098, "timestamp": "2026-03-15T19:36:30.494649"}}
{"time": "2026-03-15T19:36:31.404882", "code": "600309", "verified": true, "errors": [], "data": {"code": "600309", "name": "万华化学", "price": 84.5, "change_pct": -2.42, "open": 86.31, "high": 87.98, "low": 84.17, "close": 86.6, "volume": 491371, "timestamp": "2026-03-15T19:36:31.404854"}}
{"time": "2026-03-15T19:36:32.362009", "code": "601233", "verified": true, "errors": [], "data": {"code": "601233", "name": "桐昆股份", "price": 20.35, "change_pct": -3.05, "open": 20.73, "high": 20.99, "low": 19.96, "close": 20.99, "volume": 564761, "timestamp": "2026-03-15T19:36:32.361990"}}
{"time": "2026-03-15T19:36:33.377624", "code": "002230", "verified": true, "errors": [], "data": {"code": "002230", "name": "科大讯飞", "price": 51.8, "change_pct": -1.67, "open": 52.52, "high": 52.52, "low": 51.61, "close": 52.68, "volume": 284747, "timestamp": "2026-03-15T19:36:33.377608"}}
{"time": "2026-03-15T19:36:34.328502", "code": "000938", "verified": true, "errors": [], "data": {"code": "000938", "name": "紫光股份", "price": 25.8, "change_pct": -2.71, "open": 26.15, "high": 26.45, "low": 25.72, "close": 26.52, "volume": 1060213, "timestamp": "2026-03-15T19:36:34.328483"}}
{"time": "2026-03-15T19:36:35.385712", "code": "688981", "verified": true, "errors": [], "data": {"code": "688981", "name": "中芯国际", "price": 107.06, "change_pct": 0.99, "open": 105.02, "high": 107.83, "low": 104.5, "close": 106.01, "volume": 34163326, "timestamp": "2026-03-15T19:36:35.385694"}}
{"time": "2026-03-15T19:36:36.428789", "code": "603019", "verified": true, "errors": [], "data": {"code": "603019", "name": "中科曙光", "price": 89.1, "change_pct": -0.86, "open": 91.38, "high": 92.2, "low": 88.97, "close": 89.87, "volume": 403761, "timestamp": "2026-03-15T19:36:36.428775"}}
{"time": "2026-03-15T19:36:37.593461", "code": "600519", "verified": true, "errors": [], "data": {"code": "600519", "name": "贵州茅台", "price": 1413.64, "change_pct": 1.55, "open": 1392.48, "high": 1417.62, "low": 1392.0, "close": 1392.0, "volume": 33608, "timestamp": "2026-03-15T19:36:37.593449"}}
{"time": "2026-03-15T19:36:38.672098", "code": "000858", "verified": true, "errors": [], "data": {"code": "000858", "name": "五 粮 液", "price": 102.95, "change_pct": 0.66, "open": 102.06, "high": 103.66, "low": 101.85, "close": 102.27, "volume": 153187, "timestamp": "2026-03-15T19:36:38.672082"}}
{"time": "2026-03-15T19:36:39.686002", "code": "000568", "verified": true, "errors": [], "data": {"code": "000568", "name": "泸州老窖", "price": 107.86, "change_pct": 2.55, "open": 104.7, "high": 108.79, "low": 104.62, "close": 105.18, "volume": 131095, "timestamp": "2026-03-15T19:36:39.685988"}}
{"time": "2026-03-15T19:36:40.727556", "code": "600887", "verified": true, "errors": [], "data": {"code": "600887", "name": "伊利股份", "price": 26.71, "change_pct": 0.0, "open": 26.71, "high": 26.94, "low": 26.61, "close": 26.71, "volume": 494171, "timestamp": "2026-03-15T19:36:40.727538"}}
{"time": "2026-03-15T19:36:41.740422", "code": "600276", "verified": true, "errors": [], "data": {"code": "600276", "name": "恒瑞医药", "price": 55.11, "change_pct": -0.34, "open": 55.3, "high": 55.63, "low": 54.95, "close": 55.3, "volume": 244164, "timestamp": "2026-03-15T19:36:41.740406"}}
{"time": "2026-03-15T19:36:42.776136", "code": "000538", "verified": true, "errors": [], "data": {"code": "000538", "name": "云南白药", "price": 56.3, "change_pct": 0.0, "open": 56.26, "high": 56.58, "low": 56.17, "close": 56.3, "volume": 46696, "timestamp": "2026-03-15T19:36:42.776117"}}
{"time": "2026-03-15T19:36:43.877502", "code": "603259", "verified": true, "errors": [], "data": {"code": "603259", "name": "药明康德", "price": 90.87, "change_pct": -1.13, "open": 91.15, "high": 92.15, "low": 90.72, "close": 91.91, "volume": 227111, "timestamp": "2026-03-15T19:36:43.877490"}}
{"time": "2026-03-15T19:36:44.921840", "code": "300760", "verified": true, "errors": [], "data": {"code": "300760", "name": "迈瑞医疗", "price": 178.57, "change_pct": 0.22, "open": 178.51, "high": 179.21, "low": 177.32, "close": 178.18, "volume": 39191, "timestamp": "2026-03-15T19:36:44.921823"}}
